0 info it worked if it ends with ok
1 verbose cli [ '/usr/bin/nodejs', '/usr/bin/npm', 'run', 'grunt' ]
2 info using npm@2.15.8
3 info using node@v4.4.7
4 verbose config Skipping project config: /data/.npmrc. (matches userconfig)
5 verbose run-script [ 'pregrunt', 'grunt', 'postgrunt' ]
6 info pregrunt autocompletejs.github.io@0.0.0
7 info grunt autocompletejs.github.io@0.0.0
8 verbose unsafe-perm in lifecycle true
9 info autocompletejs.github.io@0.0.0 Failed to exec grunt script
10 verbose stack Error: autocompletejs.github.io@0.0.0 grunt: `grunt`
10 verbose stack Exit status 3
10 verbose stack     at EventEmitter.<anonymous> (/usr/lib/node_modules/npm/lib/utils/lifecycle.js:217:16)
10 verbose stack     at emitTwo (events.js:87:13)
10 verbose stack     at EventEmitter.emit (events.js:172:7)
10 verbose stack     at ChildProcess.<anonymous> (/usr/lib/node_modules/npm/lib/utils/spawn.js:24:14)
10 verbose stack     at emitTwo (events.js:87:13)
10 verbose stack     at ChildProcess.emit (events.js:172:7)
10 verbose stack     at maybeClose (internal/child_process.js:827:16)
10 verbose stack     at Process.ChildProcess._handle.onexit (internal/child_process.js:211:5)
11 verbose pkgid autocompletejs.github.io@0.0.0
12 verbose cwd /data
13 error Linux 3.16.0-4-amd64
14 error argv "/usr/bin/nodejs" "/usr/bin/npm" "run" "grunt"
15 error node v4.4.7
16 error npm  v2.15.8
17 error code ELIFECYCLE
18 error autocompletejs.github.io@0.0.0 grunt: `grunt`
18 error Exit status 3
19 error Failed at the autocompletejs.github.io@0.0.0 grunt script 'grunt'.
19 error This is most likely a problem with the autocompletejs.github.io package,
19 error not with npm itself.
19 error Tell the author that this fails on your system:
19 error     grunt
19 error You can get information on how to open an issue for this project with:
19 error     npm bugs autocompletejs.github.io
19 error Or if that isn't available, you can get their info via:
19 error
19 error     npm owner ls autocompletejs.github.io
19 error There is likely additional logging output above.
20 verbose exit [ 1, true ]
